2.997897e+10 6.563440e-03
3.907222e+10 1.114898e-02
5.092374e+10 1.893822e-02
6.636996e+10 3.216930e-02
8.650135e+10 5.464420e-02
1.127390e+11 9.282130e-02
1.469354e+11 1.576711e-01
1.915039e+11 2.678265e-01
2.495911e+11 4.549430e-01
3.252972e+11 7.727835e-01
4.239675e+11 1.312829e+00
5.525656e+11 2.183584e+00
7.201703e+11 3.815970e+00
9.386128e+11 6.202690e+00
1.223314e+12 1.014404e+01
1.594373e+12 1.644390e+01
2.077980e+12 2.706200e+01
2.708274e+12 4.179295e+01
3.529757e+12 6.230445e+01
4.600405e+12 9.314330e+01
5.995804e+12 1.422115e+02
6.156833e+12 1.490545e+02
6.322199e+12 1.559880e+02
6.491993e+12 1.631725e+02
6.666348e+12 1.704315e+02
6.845399e+12 1.776775e+02
7.029245e+12 1.850970e+02
7.218029e+12 1.926955e+02
7.411897e+12 2.006685e+02
7.610958e+12 2.091440e+02
7.815380e+12 2.181325e+02
8.025277e+12 2.280245e+02
8.240811e+12 2.381735e+02
8.462150e+12 2.476655e+02
8.689418e+12 2.573855e+02
8.922789e+12 2.693610e+02
9.162446e+12 2.831090e+02
9.408520e+12 2.959950e+02
9.661204e+12 3.087615e+02
9.920693e+12 3.233175e+02
1.018713e+13 3.391705e+02
1.046073e+13 3.551055e+02
1.074169e+13 3.707270e+02
1.103018e+13 3.875905e+02
1.132642e+13 4.063270e+02
1.163063e+13 4.264965e+02
1.194299e+13 4.474900e+02
1.226375e+13 4.690080e+02
1.259314e+13 4.902985e+02
1.293135e+13 5.126500e+02
1.327865e+13 5.392095e+02
1.363530e+13 5.706050e+02
1.400150e+13 5.984510e+02
1.437756e+13 6.281850e+02
1.476370e+13 6.576445e+02
1.516021e+13 6.907955e+02
1.556739e+13 7.221550e+02
1.598549e+13 7.481320e+02
1.641481e+13 7.623480e+02
1.685569e+13 7.623600e+02
1.730838e+13 7.503905e+02
1.777323e+13 7.351085e+02
1.825060e+13 7.151120e+02
1.874076e+13 6.925085e+02
1.924408e+13 6.693960e+02
1.976095e+13 6.495055e+02
2.029167e+13 6.341310e+02
2.083664e+13 6.253955e+02
2.139629e+13 6.348515e+02
2.197093e+13 6.695080e+02
2.256104e+13 7.218380e+02
2.316696e+13 7.812985e+02
2.378916e+13 8.527625e+02
2.442811e+13 9.289250e+02
2.508417e+13 1.018919e+03
2.575785e+13 1.116301e+03
2.644968e+13 1.219276e+03
2.716004e+13 1.338564e+03
2.788947e+13 1.470641e+03
2.863855e+13 1.627504e+03
2.940770e+13 1.755789e+03
3.019750e+13 1.854950e+03
3.100857e+13 1.968385e+03
3.184137e+13 2.025545e+03
3.269653e+13 1.928750e+03
3.357472e+13 1.722590e+03
3.447643e+13 1.538830e+03
3.540236e+13 1.415830e+03
3.635323e+13 1.277645e+03
3.732957e+13 1.120051e+03
3.833213e+13 1.010212e+03
3.936168e+13 9.502460e+02
4.041882e+13 9.309810e+02
4.150442e+13 9.367885e+02
4.261910e+13 9.521770e+02
4.376372e+13 9.691630e+02
4.493917e+13 9.853910e+02
4.614609e+13 1.001339e+03
4.738543e+13 1.016782e+03
4.865815e+13 1.028689e+03
4.996497e+13 1.036693e+03
6.198016e+13 1.264950e+03
7.688467e+13 1.642626e+03
9.537331e+13 2.234291e+03
1.183080e+14 3.096890e+03
1.467572e+14 4.350689e+03
1.820482e+14 6.131970e+03
2.258258e+14 8.888334e+03
2.801307e+14 1.352476e+04
3.474944e+14 2.056579e+04
4.310571e+14 2.969786e+04
5.347145e+14 3.533322e+04
6.632986e+14 3.543621e+04
8.228035e+14 3.618814e+04
1.020661e+15 3.570193e+04
1.266102e+15 3.493875e+04
1.635490e+15 4.000000e+04
4.941450e+15 2.000000e+04
