# ******************************************************
# PLUTO 4.1 Grid File
# Generated on  Tue Apr  7 02:04:10 2020
# 
# DIMENSIONS: 1
# GEOMETRY:   SPHERICAL
# X1: [ 0.000010,  10000.000000], 1000 point(s), 2 ghosts
# ******************************************************
1000 
 1   1.000000000000e-05    1.020939483708e-05
 2   1.020939483708e-05    1.042317429393e-05
 3   1.042317429393e-05    1.064143018224e-05
 4   1.064143018224e-05    1.086425623617e-05
 5   1.086425623617e-05    1.109174815262e-05
 6   1.109174815262e-05    1.132400363236e-05
 7   1.132400363236e-05    1.156112242192e-05
 8   1.156112242192e-05    1.180320635652e-05
 9   1.180320635652e-05    1.205035940372e-05
 10   1.205035940372e-05    1.230268770812e-05
 11   1.230268770812e-05    1.256029963695e-05
 12   1.256029963695e-05    1.282330582656e-05
 13   1.282330582656e-05    1.309181922999e-05
 14   1.309181922999e-05    1.336595516546e-05
 15   1.336595516546e-05    1.364583136589e-05
 16   1.364583136589e-05    1.393156802945e-05
 17   1.393156802945e-05    1.422328787123e-05
 18   1.422328787123e-05    1.452111617588e-05
 19   1.452111617588e-05    1.482518085146e-05
 20   1.482518085146e-05    1.513561248436e-05
 21   1.513561248436e-05    1.545254439538e-05
 22   1.545254439538e-05    1.577611269699e-05
 23   1.577611269699e-05    1.610645635178e-05
 24   1.610645635178e-05    1.644371723215e-05
 25   1.644371723215e-05    1.678804018123e-05
 26   1.678804018123e-05    1.713957307508e-05
 27   1.713957307508e-05    1.749846688625e-05
 28   1.749846688625e-05    1.786487574852e-05
 29   1.786487574852e-05    1.823895702320e-05
 30   1.823895702320e-05    1.862087136663e-05
 31   1.862087136663e-05    1.901078279923e-05
 32   1.901078279923e-05    1.940885877593e-05
 33   1.940885877593e-05    1.981527025805e-05
 34   1.981527025805e-05    2.023019178678e-05
 35   2.023019178678e-05    2.065380155811e-05
 36   2.065380155811e-05    2.108628149933e-05
 37   2.108628149933e-05    2.152781734724e-05
 38   2.152781734724e-05    2.197859872785e-05
 39   2.197859872785e-05    2.243881923783e-05
 40   2.243881923783e-05    2.290867652768e-05
 41   2.290867652768e-05    2.338837238659e-05
 42   2.338837238659e-05    2.387811282913e-05
 43   2.387811282913e-05    2.437810818369e-05
 44   2.437810818369e-05    2.488857318282e-05
 45   2.488857318282e-05    2.540972705549e-05
 46   2.540972705549e-05    2.594179362119e-05
 47   2.594179362119e-05    2.648500138607e-05
 48   2.648500138607e-05    2.703958364109e-05
 49   2.703958364109e-05    2.760577856220e-05
 50   2.760577856220e-05    2.818382931264e-05
 51   2.818382931264e-05    2.877398414736e-05
 52   2.877398414736e-05    2.937649651962e-05
 53   2.937649651962e-05    2.999162518988e-05
 54   2.999162518988e-05    3.061963433691e-05
 55   3.061963433691e-05    3.126079367124e-05
 56   3.126079367124e-05    3.191537855101e-05
 57   3.191537855101e-05    3.258367010020e-05
 58   3.258367010020e-05    3.326595532940e-05
 59   3.326595532940e-05    3.396252725904e-05
 60   3.396252725904e-05    3.467368504525e-05
 61   3.467368504525e-05    3.539973410834e-05
 62   3.539973410834e-05    3.614098626396e-05
 63   3.614098626396e-05    3.689775985702e-05
 64   3.689775985702e-05    3.767037989839e-05
 65   3.767037989839e-05    3.845917820454e-05
 66   3.845917820454e-05    3.926449353996e-05
 67   3.926449353996e-05    4.008667176273e-05
 68   4.008667176273e-05    4.092606597300e-05
 69   4.092606597300e-05    4.178303666466e-05
 70   4.178303666466e-05    4.265795188016e-05
 71   4.265795188016e-05    4.355118736856e-05
 72   4.355118736856e-05    4.446312674691e-05
 73   4.446312674691e-05    4.539416166502e-05
 74   4.539416166502e-05    4.634469197363e-05
 75   4.634469197363e-05    4.731512589615e-05
 76   4.731512589615e-05    4.830588020398e-05
 77   4.830588020398e-05    4.931738039549e-05
 78   4.931738039549e-05    5.035006087879e-05
 79   5.035006087879e-05    5.140436515824e-05
 80   5.140436515824e-05    5.248074602498e-05
 81   5.248074602498e-05    5.357966575133e-05
 82   5.357966575133e-05    5.470159628940e-05
 83   5.470159628940e-05    5.584701947368e-05
 84   5.584701947368e-05    5.701642722807e-05
 85   5.701642722807e-05    5.821032177709e-05
 86   5.821032177709e-05    5.942921586156e-05
 87   5.942921586156e-05    6.067363295885e-05
 88   6.067363295885e-05    6.194410750768e-05
 89   6.194410750768e-05    6.324118513762e-05
 90   6.324118513762e-05    6.456542290347e-05
 91   6.456542290347e-05    6.591738952443e-05
 92   6.591738952443e-05    6.729766562843e-05
 93   6.729766562843e-05    6.870684400142e-05
 94   6.870684400142e-05    7.014552984200e-05
 95   7.014552984200e-05    7.161434102129e-05
 96   7.161434102129e-05    7.311390834834e-05
 97   7.311390834834e-05    7.464487584101e-05
 98   7.464487584101e-05    7.620790100254e-05
 99   7.620790100254e-05    7.780365510398e-05
 100   7.780365510398e-05    7.943282347243e-05
 101   7.943282347243e-05    8.109610578538e-05
 102   8.109610578538e-05    8.279421637123e-05
 103   8.279421637123e-05    8.452788451603e-05
 104   8.452788451603e-05    8.629785477670e-05
 105   8.629785477670e-05    8.810488730080e-05
 106   8.810488730080e-05    8.994975815300e-05
 107   8.994975815300e-05    9.183325964836e-05
 108   9.183325964836e-05    9.375620069259e-05
 109   9.375620069259e-05    9.571940712948e-05
 110   9.571940712948e-05    9.772372209558e-05
 111   9.772372209558e-05    9.977000638226e-05
 112   9.977000638226e-05    1.018591388054e-04
 113   1.018591388054e-04    1.039920165829e-04
 114   1.039920165829e-04    1.061695557199e-04
 115   1.061695557199e-04    1.083926914021e-04
 116   1.083926914021e-04    1.106623783978e-04
 117   1.106623783978e-04    1.129795914673e-04
 118   1.129795914673e-04    1.153453257821e-04
 119   1.153453257821e-04    1.177605973521e-04
 120   1.177605973521e-04    1.202264434617e-04
 121   1.202264434617e-04    1.227439231158e-04
 122   1.227439231158e-04    1.253141174941e-04
 123   1.253141174941e-04    1.279381304158e-04
 124   1.279381304158e-04    1.306170888132e-04
 125   1.306170888132e-04    1.333521432163e-04
 126   1.333521432163e-04    1.361444682466e-04
 127   1.361444682466e-04    1.389952631213e-04
 128   1.389952631213e-04    1.419057521689e-04
 129   1.419057521689e-04    1.448771853545e-04
 130   1.448771853545e-04    1.479108388168e-04
 131   1.479108388168e-04    1.510080154164e-04
 132   1.510080154164e-04    1.541700452950e-04
 133   1.541700452950e-04    1.573982864466e-04
 134   1.573982864466e-04    1.606941253013e-04
 135   1.606941253013e-04    1.640589773200e-04
 136   1.640589773200e-04    1.674942876026e-04
 137   1.674942876026e-04    1.710015315090e-04
 138   1.710015315090e-04    1.745822152921e-04
 139   1.745822152921e-04    1.782378767448e-04
 140   1.782378767448e-04    1.819700858610e-04
 141   1.819700858610e-04    1.857804455092e-04
 142   1.857804455092e-04    1.896705921211e-04
 143   1.896705921211e-04    1.936421963947e-04
 144   1.936421963947e-04    1.976969640112e-04
 145   1.976969640112e-04    2.018366363682e-04
 146   2.018366363682e-04    2.060629913270e-04
 147   2.060629913270e-04    2.103778439766e-04
 148   2.103778439766e-04    2.147830474131e-04
 149   2.147830474131e-04    2.192804935350e-04
 150   2.192804935350e-04    2.238721138568e-04
 151   2.238721138568e-04    2.285598803375e-04
 152   2.285598803375e-04    2.333458062281e-04
 153   2.333458062281e-04    2.382319469359e-04
 154   2.382319469359e-04    2.432204009074e-04
 155   2.432204009074e-04    2.483133105296e-04
 156   2.483133105296e-04    2.535128630498e-04
 157   2.535128630498e-04    2.588212915153e-04
 158   2.588212915153e-04    2.642408757322e-04
 159   2.642408757322e-04    2.697739432445e-04
 160   2.697739432445e-04    2.754228703338e-04
 161   2.754228703338e-04    2.811900830399e-04
 162   2.811900830399e-04    2.870780582025e-04
 163   2.870780582025e-04    2.930893245250e-04
 164   2.930893245250e-04    2.992264636608e-04
 165   2.992264636608e-04    3.054921113216e-04
 166   3.054921113216e-04    3.118889584094e-04
 167   3.118889584094e-04    3.184197521726e-04
 168   3.184197521726e-04    3.250872973854e-04
 169   3.250872973854e-04    3.318944575526e-04
 170   3.318944575526e-04    3.388441561392e-04
 171   3.388441561392e-04    3.459393778261e-04
 172   3.459393778261e-04    3.531831697920e-04
 173   3.531831697920e-04    3.605786430216e-04
 174   3.605786430216e-04    3.681289736425e-04
 175   3.681289736425e-04    3.758374042884e-04
 176   3.758374042884e-04    3.837072454923e-04
 177   3.837072454923e-04    3.917418771078e-04
 178   3.917418771078e-04    3.999447497611e-04
 179   3.999447497611e-04    4.083193863327e-04
 180   4.083193863327e-04    4.168693834703e-04
 181   4.168693834703e-04    4.255984131337e-04
 182   4.255984131337e-04    4.345102241716e-04
 183   4.345102241716e-04    4.436086439314e-04
 184   4.436086439314e-04    4.528975799036e-04
 185   4.528975799036e-04    4.623810213993e-04
 186   4.623810213993e-04    4.720630412636e-04
 187   4.720630412636e-04    4.819477976251e-04
 188   4.819477976251e-04    4.920395356815e-04
 189   4.920395356815e-04    5.023425895224e-04
 190   5.023425895224e-04    5.128613839914e-04
 191   5.128613839914e-04    5.236004365858e-04
 192   5.236004365858e-04    5.345643593970e-04
 193   5.345643593970e-04    5.457578610913e-04
 194   5.457578610913e-04    5.571857489319e-04
 195   5.571857489319e-04    5.688529308438e-04
 196   5.688529308438e-04    5.807644175213e-04
 197   5.807644175213e-04    5.929253245800e-04
 198   5.929253245800e-04    6.053408747539e-04
 199   6.053408747539e-04    6.180164001384e-04
 200   6.180164001384e-04    6.309573444802e-04
 201   6.309573444802e-04    6.441692655152e-04
 202   6.441692655152e-04    6.576578373554e-04
 203   6.576578373554e-04    6.714288529260e-04
 204   6.714288529260e-04    6.854882264527e-04
 205   6.854882264527e-04    6.998419960023e-04
 206   6.998419960023e-04    7.144963260755e-04
 207   7.144963260755e-04    7.294575102546e-04
 208   7.294575102546e-04    7.447319739060e-04
 209   7.447319739060e-04    7.603262769402e-04
 210   7.603262769402e-04    7.762471166287e-04
 211   7.762471166287e-04    7.925013304805e-04
 212   7.925013304805e-04    8.090958991784e-04
 213   8.090958991784e-04    8.260379495772e-04
 214   8.260379495772e-04    8.433347577643e-04
 215   8.433347577643e-04    8.609937521846e-04
 216   8.609937521846e-04    8.790225168309e-04
 217   8.790225168309e-04    8.974287945007e-04
 218   8.974287945007e-04    9.162204901220e-04
 219   9.162204901220e-04    9.354056741476e-04
 220   9.354056741476e-04    9.549925860214e-04
 221   9.549925860214e-04    9.749896377174e-04
 222   9.749896377174e-04    9.954054173515e-04
 223   9.954054173515e-04    1.016248692871e-03
 224   1.016248692871e-03    1.037528415818e-03
 225   1.037528415818e-03    1.059253725177e-03
 226   1.059253725177e-03    1.081433951298e-03
 227   1.081433951298e-03    1.104078619902e-03
 228   1.104078619902e-03    1.127197456176e-03
 229   1.127197456176e-03    1.150800388944e-03
 230   1.150800388944e-03    1.174897554940e-03
 231   1.174897554940e-03    1.199499303149e-03
 232   1.199499303149e-03    1.224616199265e-03
 233   1.224616199265e-03    1.250259030218e-03
 234   1.250259030218e-03    1.276438808811e-03
 235   1.276438808811e-03    1.303166778452e-03
 236   1.303166778452e-03    1.330454417978e-03
 237   1.330454417978e-03    1.358313446587e-03
 238   1.358313446587e-03    1.386755828872e-03
 239   1.386755828872e-03    1.415793779957e-03
 240   1.415793779957e-03    1.445439770746e-03
 241   1.445439770746e-03    1.475706533276e-03
 242   1.475706533276e-03    1.506607066187e-03
 243   1.506607066187e-03    1.538154640303e-03
 244   1.538154640303e-03    1.570362804334e-03
 245   1.570362804334e-03    1.603245390690e-03
 246   1.603245390690e-03    1.636816521428e-03
 247   1.636816521428e-03    1.671090614311e-03
 248   1.671090614311e-03    1.706082389003e-03
 249   1.706082389003e-03    1.741806873392e-03
 250   1.741806873392e-03    1.778279410039e-03
 251   1.778279410039e-03    1.815515662773e-03
 252   1.815515662773e-03    1.853531623415e-03
 253   1.853531623415e-03    1.892343618645e-03
 254   1.892343618645e-03    1.931968317017e-03
 255   1.931968317017e-03    1.972422736115e-03
 256   1.972422736115e-03    2.013724249862e-03
 257   2.013724249862e-03    2.055890595984e-03
 258   2.055890595984e-03    2.098939883624e-03
 259   2.098939883624e-03    2.142890601120e-03
 260   2.142890601120e-03    2.187761623950e-03
 261   2.187761623950e-03    2.233572222831e-03
 262   2.233572222831e-03    2.280342072000e-03
 263   2.280342072000e-03    2.328091257665e-03
 264   2.328091257665e-03    2.376840286625e-03
 265   2.376840286625e-03    2.426610095082e-03
 266   2.426610095082e-03    2.477422057633e-03
 267   2.477422057633e-03    2.529297996446e-03
 268   2.529297996446e-03    2.582260190635e-03
 269   2.582260190635e-03    2.636331385825e-03
 270   2.636331385825e-03    2.691534803927e-03
 271   2.691534803927e-03    2.747894153102e-03
 272   2.747894153102e-03    2.805433637952e-03
 273   2.805433637952e-03    2.864177969907e-03
 274   2.864177969907e-03    2.924152377843e-03
 275   2.924152377843e-03    2.985382618918e-03
 276   2.985382618918e-03    3.047894989628e-03
 277   3.047894989628e-03    3.111716337106e-03
 278   3.111716337106e-03    3.176874070650e-03
 279   3.176874070650e-03    3.243396173493e-03
 280   3.243396173493e-03    3.311311214826e-03
 281   3.311311214826e-03    3.380648362060e-03
 282   3.380648362060e-03    3.451437393359e-03
 283   3.451437393359e-03    3.523708710425e-03
 284   3.523708710425e-03    3.597493351557e-03
 285   3.597493351557e-03    3.672823004981e-03
 286   3.672823004981e-03    3.749730022455e-03
 287   3.749730022455e-03    3.828247433168e-03
 288   3.828247433168e-03    3.908408957924e-03
 289   3.908408957924e-03    3.990249023621e-03
 290   3.990249023621e-03    4.073802778041e-03
 291   4.073802778041e-03    4.159106104940e-03
 292   4.159106104940e-03    4.246195639463e-03
 293   4.246195639463e-03    4.335108783875e-03
 294   4.335108783875e-03    4.425883723626e-03
 295   4.425883723626e-03    4.518559443749e-03
 296   4.518559443749e-03    4.613175745604e-03
 297   4.613175745604e-03    4.709773263970e-03
 298   4.709773263970e-03    4.808393484497e-03
 299   4.808393484497e-03    4.909078761526e-03
 300   4.909078761526e-03    5.011872336273e-03
 301   5.011872336273e-03    5.116818355403e-03
 302   5.116818355403e-03    5.223961889991e-03
 303   5.223961889991e-03    5.333348954876e-03
 304   5.333348954876e-03    5.445026528424e-03
 305   5.445026528424e-03    5.559042572704e-03
 306   5.559042572704e-03    5.675446054085e-03
 307   5.675446054085e-03    5.794286964269e-03
 308   5.794286964269e-03    5.915616341755e-03
 309   5.915616341755e-03    6.039486293764e-03
 310   6.039486293764e-03    6.165950018615e-03
 311   6.165950018615e-03    6.295061828572e-03
 312   6.295061828572e-03    6.426877173170e-03
 313   6.426877173170e-03    6.561452663029e-03
 314   6.561452663029e-03    6.698846094165e-03
 315   6.698846094165e-03    6.839116472814e-03
 316   6.839116472814e-03    6.982324040772e-03
 317   6.982324040772e-03    7.128530301265e-03
 318   7.128530301265e-03    7.277798045368e-03
 319   7.277798045368e-03    7.430191378967e-03
 320   7.430191378967e-03    7.585775750292e-03
 321   7.585775750292e-03    7.744617978025e-03
 322   7.744617978025e-03    7.906786279998e-03
 323   7.906786279998e-03    8.072350302488e-03
 324   8.072350302488e-03    8.241381150130e-03
 325   8.241381150130e-03    8.413951416452e-03
 326   8.413951416452e-03    8.590135215054e-03
 327   8.590135215054e-03    8.770008211436e-03
 328   8.770008211436e-03    8.953647655496e-03
 329   8.953647655496e-03    9.141132414702e-03
 330   9.141132414702e-03    9.332543007970e-03
 331   9.332543007970e-03    9.527961640237e-03
 332   9.527961640237e-03    9.727472237770e-03
 333   9.727472237770e-03    9.931160484209e-03
 334   9.931160484209e-03    1.013911385737e-02
 335   1.013911385737e-02    1.035142166679e-02
 336   1.035142166679e-02    1.056817509214e-02
 337   1.056817509214e-02    1.078946722230e-02
 338   1.078946722230e-02    1.101539309541e-02
 339   1.101539309541e-02    1.124604973967e-02
 340   1.124604973967e-02    1.148153621497e-02
 341   1.148153621497e-02    1.172195365548e-02
 342   1.172195365548e-02    1.196740531307e-02
 343   1.196740531307e-02    1.221799660165e-02
 344   1.221799660165e-02    1.247383514243e-02
 345   1.247383514243e-02    1.273503081017e-02
 346   1.273503081017e-02    1.300169578033e-02
 347   1.300169578033e-02    1.327394457730e-02
 348   1.327394457730e-02    1.355189412351e-02
 349   1.355189412351e-02    1.383566378972e-02
 350   1.383566378972e-02    1.412537544623e-02
 351   1.412537544623e-02    1.442115351525e-02
 352   1.442115351525e-02    1.472312502433e-02
 353   1.472312502433e-02    1.503141966090e-02
 354   1.503141966090e-02    1.534616982799e-02
 355   1.534616982799e-02    1.566751070108e-02
 356   1.566751070108e-02    1.599558028615e-02
 357   1.599558028615e-02    1.633051947894e-02
 358   1.633051947894e-02    1.667247212551e-02
 359   1.667247212551e-02    1.702158508395e-02
 360   1.702158508395e-02    1.737800828749e-02
 361   1.737800828749e-02    1.774189480890e-02
 362   1.774189480890e-02    1.811340092620e-02
 363   1.811340092620e-02    1.849268618978e-02
 364   1.849268618978e-02    1.887991349096e-02
 365   1.887991349096e-02    1.927524913191e-02
 366   1.927524913191e-02    1.967886289707e-02
 367   1.967886289707e-02    2.009092812609e-02
 368   2.009092812609e-02    2.051162178826e-02
 369   2.051162178826e-02    2.094112455851e-02
 370   2.094112455851e-02    2.137962089502e-02
 371   2.137962089502e-02    2.182729911843e-02
 372   2.182729911843e-02    2.228435149270e-02
 373   2.228435149270e-02    2.275097430772e-02
 374   2.275097430772e-02    2.322736796357e-02
 375   2.322736796357e-02    2.371373705662e-02
 376   2.371373705662e-02    2.421029046736e-02
 377   2.421029046736e-02    2.471724145016e-02
 378   2.471724145016e-02    2.523480772481e-02
 379   2.523480772481e-02    2.576321157003e-02
 380   2.576321157003e-02    2.630267991895e-02
 381   2.630267991895e-02    2.685344445659e-02
 382   2.685344445659e-02    2.741574171928e-02
 383   2.741574171928e-02    2.798981319634e-02
 384   2.798981319634e-02    2.857590543375e-02
 385   2.857590543375e-02    2.917427014001e-02
 386   2.917427014001e-02    2.978516429429e-02
 387   2.978516429429e-02    3.040885025676e-02
 388   3.040885025676e-02    3.104559588128e-02
 389   3.104559588128e-02    3.169567463043e-02
 390   3.169567463043e-02    3.235936569296e-02
 391   3.235936569296e-02    3.303695410368e-02
 392   3.303695410368e-02    3.372873086589e-02
 393   3.372873086589e-02    3.443499307633e-02
 394   3.443499307633e-02    3.515604405283e-02
 395   3.515604405283e-02    3.589219346450e-02
 396   3.589219346450e-02    3.664375746478e-02
 397   3.664375746478e-02    3.741105882721e-02
 398   3.741105882721e-02    3.819442708400e-02
 399   3.819442708400e-02    3.899419866765e-02
 400   3.899419866765e-02    3.981071705535e-02
 401   3.981071705535e-02    4.064433291652e-02
 402   4.064433291652e-02    4.149540426344e-02
 403   4.149540426344e-02    4.236429660495e-02
 404   4.236429660495e-02    4.325138310350e-02
 405   4.325138310350e-02    4.415704473533e-02
 406   4.415704473533e-02    4.508167045415e-02
 407   4.508167045415e-02    4.602565735814e-02
 408   4.602565735814e-02    4.698941086052e-02
 409   4.698941086052e-02    4.797334486367e-02
 410   4.797334486367e-02    4.897788193684e-02
 411   4.897788193684e-02    5.000345349770e-02
 412   5.000345349770e-02    5.105049999754e-02
 413   5.105049999754e-02    5.211947111051e-02
 414   5.211947111051e-02    5.321082592668e-02
 415   5.321082592668e-02    5.432503314924e-02
 416   5.432503314924e-02    5.546257129579e-02
 417   5.546257129579e-02    5.662392890383e-02
 418   5.662392890383e-02    5.780960474057e-02
 419   5.780960474057e-02    5.902010801718e-02
 420   5.902010801718e-02    6.025595860744e-02
 421   6.025595860744e-02    6.151768727099e-02
 422   6.151768727099e-02    6.280583588133e-02
 423   6.280583588133e-02    6.412095765852e-02
 424   6.412095765852e-02    6.546361740673e-02
 425   6.546361740673e-02    6.683439175686e-02
 426   6.683439175686e-02    6.823386941417e-02
 427   6.823386941417e-02    6.966265141108e-02
 428   6.966265141108e-02    7.112135136533e-02
 429   7.112135136533e-02    7.261059574352e-02
 430   7.261059574352e-02    7.413102413009e-02
 431   7.413102413009e-02    7.568328950210e-02
 432   7.568328950210e-02    7.726805850957e-02
 433   7.726805850957e-02    7.888601176186e-02
 434   7.888601176186e-02    8.053784411991e-02
 435   8.053784411991e-02    8.222426499471e-02
 436   8.222426499471e-02    8.394599865194e-02
 437   8.394599865194e-02    8.570378452304e-02
 438   8.570378452304e-02    8.749837752274e-02
 439   8.749837752274e-02    8.933054837333e-02
 440   8.933054837333e-02    9.120108393559e-02
 441   9.120108393559e-02    9.311078754678e-02
 442   9.311078754678e-02    9.506047936563e-02
 443   9.506047936563e-02    9.705099672455e-02
 444   9.705099672455e-02    9.908319448928e-02
 445   9.908319448928e-02    1.011579454260e-01
 446   1.011579454260e-01    1.032761405761e-01
 447   1.032761405761e-01    1.054386896391e-01
 448   1.054386896391e-01    1.076465213630e-01
 449   1.076465213630e-01    1.099005839433e-01
 450   1.099005839433e-01    1.122018454302e-01
 451   1.122018454302e-01    1.145512941446e-01
 452   1.145512941446e-01    1.169499391020e-01
 453   1.169499391020e-01    1.193988104464e-01
 454   1.193988104464e-01    1.218989598925e-01
 455   1.218989598925e-01    1.244514611771e-01
 456   1.244514611771e-01    1.270574105209e-01
 457   1.270574105209e-01    1.297179270984e-01
 458   1.297179270984e-01    1.324341535195e-01
 459   1.324341535195e-01    1.352072563194e-01
 460   1.352072563194e-01    1.380384264603e-01
 461   1.380384264603e-01    1.409288798422e-01
 462   1.409288798422e-01    1.438798578256e-01
 463   1.438798578256e-01    1.468926277644e-01
 464   1.468926277644e-01    1.499684835502e-01
 465   1.499684835502e-01    1.531087461682e-01
 466   1.531087461682e-01    1.563147642641e-01
 467   1.563147642641e-01    1.595879147237e-01
 468   1.595879147237e-01    1.629296032640e-01
 469   1.629296032640e-01    1.663412650370e-01
 470   1.663412650370e-01    1.698243652462e-01
 471   1.698243652462e-01    1.733803997754e-01
 472   1.733803997754e-01    1.770108958317e-01
 473   1.770108958317e-01    1.807174126011e-01
 474   1.807174126011e-01    1.845015419179e-01
 475   1.845015419179e-01    1.883649089490e-01
 476   1.883649089490e-01    1.923091728910e-01
 477   1.923091728910e-01    1.963360276836e-01
 478   1.963360276836e-01    2.004472027365e-01
 479   2.004472027365e-01    2.046444636725e-01
 480   2.046444636725e-01    2.089296130854e-01
 481   2.089296130854e-01    2.133044913147e-01
 482   2.133044913147e-01    2.177709772353e-01
 483   2.177709772353e-01    2.223309890651e-01
 484   2.223309890651e-01    2.269864851884e-01
 485   2.269864851884e-01    2.317394649968e-01
 486   2.317394649968e-01    2.365919697486e-01
 487   2.365919697486e-01    2.415460834445e-01
 488   2.415460834445e-01    2.466039337234e-01
 489   2.466039337234e-01    2.517676927759e-01
 490   2.517676927759e-01    2.570395782769e-01
 491   2.570395782769e-01    2.624218543384e-01
 492   2.624218543384e-01    2.679168324819e-01
 493   2.679168324819e-01    2.735268726307e-01
 494   2.735268726307e-01    2.792543841237e-01
 495   2.792543841237e-01    2.851018267504e-01
 496   2.851018267504e-01    2.910717118067e-01
 497   2.910717118067e-01    2.971666031738e-01
 498   2.971666031738e-01    3.033891184194e-01
 499   3.033891184194e-01    3.097419299217e-01
 500   3.097419299217e-01    3.162277660168e-01
 501   3.162277660168e-01    3.228494121713e-01
 502   3.228494121713e-01    3.296097121775e-01
 503   3.296097121775e-01    3.365115693755e-01
 504   3.365115693755e-01    3.435579478999e-01
 505   3.435579478999e-01    3.507518739526e-01
 506   3.507518739526e-01    3.580964371026e-01
 507   3.580964371026e-01    3.655947916131e-01
 508   3.655947916131e-01    3.732501577957e-01
 509   3.732501577957e-01    3.810658233938e-01
 510   3.810658233938e-01    3.890451449943e-01
 511   3.890451449943e-01    3.971915494694e-01
 512   3.971915494694e-01    4.055085354484e-01
 513   4.055085354484e-01    4.139996748197e-01
 514   4.139996748197e-01    4.226686142656e-01
 515   4.226686142656e-01    4.315190768278e-01
 516   4.315190768278e-01    4.405548635066e-01
 517   4.405548635066e-01    4.497798548933e-01
 518   4.497798548933e-01    4.591980128369e-01
 519   4.591980128369e-01    4.688133821453e-01
 520   4.688133821453e-01    4.786300923226e-01
 521   4.786300923226e-01    4.886523593428e-01
 522   4.886523593428e-01    4.988844874600e-01
 523   4.988844874600e-01    5.093308710572e-01
 524   5.093308710572e-01    5.199959965335e-01
 525   5.199959965335e-01    5.308844442310e-01
 526   5.308844442310e-01    5.420008904016e-01
 527   5.420008904016e-01    5.533501092157e-01
 528   5.533501092157e-01    5.649369748123e-01
 529   5.649369748123e-01    5.767664633922e-01
 530   5.767664633922e-01    5.888436553556e-01
 531   5.888436553556e-01    6.011737374833e-01
 532   6.011737374833e-01    6.137620051648e-01
 533   6.137620051648e-01    6.266138646723e-01
 534   6.266138646723e-01    6.397348354826e-01
 535   6.397348354826e-01    6.531305526475e-01
 536   6.531305526475e-01    6.668067692136e-01
 537   6.668067692136e-01    6.807693586937e-01
 538   6.807693586937e-01    6.950243175888e-01
 539   6.950243175888e-01    7.095777679634e-01
 540   7.095777679634e-01    7.244359600750e-01
 541   7.244359600750e-01    7.396052750582e-01
 542   7.396052750582e-01    7.550922276654e-01
 543   7.550922276654e-01    7.709034690644e-01
 544   7.709034690644e-01    7.870457896951e-01
 545   7.870457896951e-01    8.035261221856e-01
 546   8.035261221856e-01    8.203515443298e-01
 547   8.203515443298e-01    8.375292821269e-01
 548   8.375292821269e-01    8.550667128847e-01
 549   8.550667128847e-01    8.729713683881e-01
 550   8.729713683881e-01    8.912509381337e-01
 551   8.912509381337e-01    9.099132726322e-01
 552   9.099132726322e-01    9.289663867799e-01
 553   9.289663867799e-01    9.484184633009e-01
 554   9.484184633009e-01    9.682778562612e-01
 555   9.682778562612e-01    9.885530946569e-01
 556   9.885530946569e-01    1.009252886077e+00
 557   1.009252886077e+00    1.030386120442e+00
 558   1.030386120442e+00    1.051961873823e+00
 559   1.051961873823e+00    1.073989412341e+00
 560   1.073989412341e+00    1.096478196143e+00
 561   1.096478196143e+00    1.119437883467e+00
 562   1.119437883467e+00    1.142878334790e+00
 563   1.142878334790e+00    1.166809617061e+00
 564   1.166809617061e+00    1.191242008027e+00
 565   1.191242008027e+00    1.216186000646e+00
 566   1.216186000646e+00    1.241652307592e+00
 567   1.241652307592e+00    1.267651865858e+00
 568   1.267651865858e+00    1.294195841450e+00
 569   1.294195841450e+00    1.321295634187e+00
 570   1.321295634187e+00    1.348962882592e+00
 571   1.348962882592e+00    1.377209468894e+00
 572   1.377209468894e+00    1.406047524130e+00
 573   1.406047524130e+00    1.435489433354e+00
 574   1.435489433354e+00    1.465547840956e+00
 575   1.465547840956e+00    1.496235656094e+00
 576   1.496235656094e+00    1.527566058238e+00
 577   1.527566058238e+00    1.559552502827e+00
 578   1.559552502827e+00    1.592208727051e+00
 579   1.592208727051e+00    1.625548755750e+00
 580   1.625548755750e+00    1.659586907438e+00
 581   1.659586907438e+00    1.694337800447e+00
 582   1.694337800447e+00    1.729816359215e+00
 583   1.729816359215e+00    1.766037820686e+00
 584   1.766037820686e+00    1.803017740860e+00
 585   1.803017740860e+00    1.840772001469e+00
 586   1.840772001469e+00    1.879316816803e+00
 587   1.879316816803e+00    1.918668740670e+00
 588   1.918668740670e+00    1.958844673506e+00
 589   1.958844673506e+00    1.999861869633e+00
 590   1.999861869633e+00    2.041737944670e+00
 591   2.041737944670e+00    2.084490883097e+00
 592   2.084490883097e+00    2.128139045983e+00
 593   2.128139045983e+00    2.172701178864e+00
 594   2.172701178864e+00    2.218196419800e+00
 595   2.218196419800e+00    2.264644307593e+00
 596   2.264644307593e+00    2.312064790176e+00
 597   2.312064790176e+00    2.360478233181e+00
 598   2.360478233181e+00    2.409905428687e+00
 599   2.409905428687e+00    2.460367604148e+00
 600   2.460367604148e+00    2.511886431510e+00
 601   2.511886431510e+00    2.564484036518e+00
 602   2.564484036518e+00    2.618183008219e+00
 603   2.618183008219e+00    2.673006408663e+00
 604   2.673006408663e+00    2.728977782808e+00
 605   2.728977782808e+00    2.786121168630e+00
 606   2.786121168630e+00    2.844461107448e+00
 607   2.844461107448e+00    2.904022654464e+00
 608   2.904022654464e+00    2.964831389524e+00
 609   2.964831389524e+00    3.026913428101e+00
 610   3.026913428101e+00    3.090295432514e+00
 611   3.090295432514e+00    3.155004623375e+00
 612   3.155004623375e+00    3.221068791283e+00
 613   3.221068791283e+00    3.288516308760e+00
 614   3.288516308760e+00    3.357376142430e+00
 615   3.357376142430e+00    3.427677865464e+00
 616   3.427677865464e+00    3.499451670284e+00
 617   3.499451670284e+00    3.572728381519e+00
 618   3.572728381519e+00    3.647539469256e+00
 619   3.647539469256e+00    3.723917062546e+00
 620   3.723917062546e+00    3.801893963206e+00
 621   3.801893963206e+00    3.881503659906e+00
 622   3.881503659906e+00    3.962780342554e+00
 623   3.962780342554e+00    4.045758916974e+00
 624   4.045758916974e+00    4.130475019902e+00
 625   4.130475019902e+00    4.216965034286e+00
 626   4.216965034286e+00    4.305266104917e+00
 627   4.305266104917e+00    4.395416154378e+00
 628   4.395416154378e+00    4.487453899331e+00
 629   4.487453899331e+00    4.581418867145e+00
 630   4.581418867145e+00    4.677351412872e+00
 631   4.677351412872e+00    4.775292736577e+00
 632   4.775292736577e+00    4.875284901034e+00
 633   4.875284901034e+00    4.977370849789e+00
 634   4.977370849789e+00    5.081594425606e+00
 635   5.081594425606e+00    5.188000389290e+00
 636   5.188000389290e+00    5.296634438917e+00
 637   5.296634438917e+00    5.407543229456e+00
 638   5.407543229456e+00    5.520774392808e+00
 639   5.520774392808e+00    5.636376558260e+00
 640   5.636376558260e+00    5.754399373372e+00
 641   5.754399373372e+00    5.874893525298e+00
 642   5.874893525298e+00    5.997910762555e+00
 643   5.997910762555e+00    6.123503917248e+00
 644   6.123503917248e+00    6.251726927757e+00
 645   6.251726927757e+00    6.382634861905e+00
 646   6.382634861905e+00    6.516283940608e+00
 647   6.516283940608e+00    6.652731562017e+00
 648   6.652731562017e+00    6.792036326172e+00
 649   6.792036326172e+00    6.934258060166e+00
 650   6.934258060166e+00    7.079457843841e+00
 651   7.079457843841e+00    7.227698036022e+00
 652   7.227698036022e+00    7.379042301291e+00
 653   7.379042301291e+00    7.533555637337e+00
 654   7.533555637337e+00    7.691304402866e+00
 655   7.691304402866e+00    7.852356346101e+00
 656   7.852356346101e+00    8.016780633877e+00
 657   8.016780633877e+00    8.184647881348e+00
 658   8.184647881348e+00    8.356030182312e+00
 659   8.356030182312e+00    8.531001140176e+00
 660   8.531001140176e+00    8.709635899561e+00
 661   8.709635899561e+00    8.892011178579e+00
 662   8.892011178579e+00    9.078205301782e+00
 663   9.078205301782e+00    9.268298233793e+00
 664   9.268298233793e+00    9.462371613658e+00
 665   9.462371613658e+00    9.660508789898e+00
 666   9.660508789898e+00    9.862794856312e+00
 667   9.862794856312e+00    1.006931668852e+01
 668   1.006931668852e+01    1.028016298126e+01
 669   1.028016298126e+01    1.049542428652e+01
 670   1.049542428652e+01    1.071519305238e+01
 671   1.071519305238e+01    1.093956366272e+01
 672   1.093956366272e+01    1.116863247781e+01
 673   1.116863247781e+01    1.140249787561e+01
 674   1.140249787561e+01    1.164126029410e+01
 675   1.164126029410e+01    1.188502227437e+01
 676   1.188502227437e+01    1.213388850465e+01
 677   1.213388850465e+01    1.238796586530e+01
 678   1.238796586530e+01    1.264736347471e+01
 679   1.264736347471e+01    1.291219273614e+01
 680   1.291219273614e+01    1.318256738556e+01
 681   1.318256738556e+01    1.345860354056e+01
 682   1.345860354056e+01    1.374041975013e+01
 683   1.374041975013e+01    1.402813704562e+01
 684   1.402813704562e+01    1.432187899274e+01
 685   1.432187899274e+01    1.462177174457e+01
 686   1.462177174457e+01    1.492794409579e+01
 687   1.492794409579e+01    1.524052753797e+01
 688   1.524052753797e+01    1.555965631605e+01
 689   1.555965631605e+01    1.588546748598e+01
 690   1.588546748598e+01    1.621810097359e+01
 691   1.621810097359e+01    1.655769963470e+01
 692   1.655769963470e+01    1.690440931643e+01
 693   1.690440931643e+01    1.725837891990e+01
 694   1.725837891990e+01    1.761976046412e+01
 695   1.761976046412e+01    1.798870915129e+01
 696   1.798870915129e+01    1.836538343348e+01
 697   1.836538343348e+01    1.874994508067e+01
 698   1.874994508067e+01    1.914255925021e+01
 699   1.914255925021e+01    1.954339455775e+01
 700   1.954339455775e+01    1.995262314969e+01
 701   1.995262314969e+01    2.037042077706e+01
 702   2.037042077706e+01    2.079696687104e+01
 703   2.079696687104e+01    2.123244462000e+01
 704   2.123244462000e+01    2.167704104820e+01
 705   2.167704104820e+01    2.213094709606e+01
 706   2.213094709606e+01    2.259435770221e+01
 707   2.259435770221e+01    2.306747188720e+01
 708   2.306747188720e+01    2.355049283896e+01
 709   2.355049283896e+01    2.404362800007e+01
 710   2.404362800007e+01    2.454708915685e+01
 711   2.454708915685e+01    2.506109253032e+01
 712   2.506109253032e+01    2.558585886906e+01
 713   2.558585886906e+01    2.612161354399e+01
 714   2.612161354399e+01    2.666858664521e+01
 715   2.666858664521e+01    2.722701308078e+01
 716   2.722701308078e+01    2.779713267759e+01
 717   2.779713267759e+01    2.837919028442e+01
 718   2.837919028442e+01    2.897343587701e+01
 719   2.897343587701e+01    2.958012466552e+01
 720   2.958012466552e+01    3.019951720402e+01
 721   3.019951720402e+01    3.083187950249e+01
 722   3.083187950249e+01    3.147748314101e+01
 723   3.147748314101e+01    3.213660538640e+01
 724   3.213660538640e+01    3.280952931131e+01
 725   3.280952931131e+01    3.349654391578e+01
 726   3.349654391578e+01    3.419794425137e+01
 727   3.419794425137e+01    3.491403154786e+01
 728   3.491403154786e+01    3.564511334262e+01
 729   3.564511334262e+01    3.639150361272e+01
 730   3.639150361272e+01    3.715352290972e+01
 731   3.715352290972e+01    3.793149849737e+01
 732   3.793149849737e+01    3.872576449216e+01
 733   3.872576449216e+01    3.953666200681e+01
 734   3.953666200681e+01    4.036453929676e+01
 735   4.036453929676e+01    4.120975190973e+01
 736   4.120975190973e+01    4.207266283844e+01
 737   4.207266283844e+01    4.295364267649e+01
 738   4.295364267649e+01    4.385306977750e+01
 739   4.385306977750e+01    4.477133041764e+01
 740   4.477133041764e+01    4.570881896149e+01
 741   4.570881896149e+01    4.666593803143e+01
 742   4.666593803143e+01    4.764309868054e+01
 743   4.764309868054e+01    4.864072056915e+01
 744   4.864072056915e+01    4.965923214503e+01
 745   4.965923214503e+01    5.069907082747e+01
 746   5.069907082747e+01    5.176068319506e+01
 747   5.176068319506e+01    5.284452517752e+01
 748   5.284452517752e+01    5.395106225151e+01
 749   5.395106225151e+01    5.508076964054e+01
 750   5.508076964054e+01    5.623413251903e+01
 751   5.623413251903e+01    5.741164622073e+01
 752   5.741164622073e+01    5.861381645140e+01
 753   5.861381645140e+01    5.984115950603e+01
 754   5.984115950603e+01    6.109420249056e+01
 755   6.109420249056e+01    6.237348354824e+01
 756   6.237348354824e+01    6.367955209079e+01
 757   6.367955209079e+01    6.501296903431e+01
 758   6.501296903431e+01    6.637430704019e+01
 759   6.637430704019e+01    6.776415076107e+01
 760   6.776415076107e+01    6.918309709189e+01
 761   6.918309709189e+01    7.063175542630e+01
 762   7.063175542630e+01    7.211074791829e+01
 763   7.211074791829e+01    7.362070974947e+01
 764   7.362070974947e+01    7.516228940182e+01
 765   7.516228940182e+01    7.673614893618e+01
 766   7.673614893618e+01    7.834296427662e+01
 767   7.834296427662e+01    7.998342550070e+01
 768   7.998342550070e+01    8.165823713586e+01
 769   8.165823713586e+01    8.336811846196e+01
 770   8.336811846196e+01    8.511380382024e+01
 771   8.511380382024e+01    8.689604292863e+01
 772   8.689604292863e+01    8.871560120380e+01
 773   8.871560120380e+01    9.057326008982e+01
 774   9.057326008982e+01    9.246981739382e+01
 775   9.246981739382e+01    9.440608762859e+01
 776   9.440608762859e+01    9.638290236240e+01
 777   9.638290236240e+01    9.840111057611e+01
 778   9.840111057611e+01    1.004615790278e+02
 779   1.004615790278e+02    1.025651926251e+02
 780   1.025651926251e+02    1.047128548051e+02
 781   1.047128548051e+02    1.069054879223e+02
 782   1.069054879223e+02    1.091440336449e+02
 783   1.091440336449e+02    1.114294533592e+02
 784   1.114294533592e+02    1.137627285823e+02
 785   1.137627285823e+02    1.161448613840e+02
 786   1.161448613840e+02    1.185768748167e+02
 787   1.185768748167e+02    1.210598133550e+02
 788   1.210598133550e+02    1.235947433445e+02
 789   1.235947433445e+02    1.261827534591e+02
 790   1.261827534591e+02    1.288249551693e+02
 791   1.288249551693e+02    1.315224832192e+02
 792   1.315224832192e+02    1.342764961138e+02
 793   1.342764961138e+02    1.370881766165e+02
 794   1.370881766165e+02    1.399587322573e+02
 795   1.399587322573e+02    1.428893958511e+02
 796   1.428893958511e+02    1.458814260275e+02
 797   1.458814260275e+02    1.489361077711e+02
 798   1.489361077711e+02    1.520547529732e+02
 799   1.520547529732e+02    1.552387009958e+02
 800   1.552387009958e+02    1.584893192461e+02
 801   1.584893192461e+02    1.618080037643e+02
 802   1.618080037643e+02    1.651961798229e+02
 803   1.651961798229e+02    1.686553025389e+02
 804   1.686553025389e+02    1.721868574986e+02
 805   1.721868574986e+02    1.757923613959e+02
 806   1.757923613959e+02    1.794733626833e+02
 807   1.794733626833e+02    1.832314422371e+02
 808   1.832314422371e+02    1.870682140366e+02
 809   1.870682140366e+02    1.909853258566e+02
 810   1.909853258566e+02    1.949844599758e+02
 811   1.949844599758e+02    1.990673338987e+02
 812   1.990673338987e+02    2.032357010936e+02
 813   2.032357010936e+02    2.074913517455e+02
 814   2.074913517455e+02    2.118361135248e+02
 815   2.118361135248e+02    2.162718523727e+02
 816   2.162718523727e+02    2.208004733019e+02
 817   2.208004733019e+02    2.254239212152e+02
 818   2.254239212152e+02    2.301441817409e+02
 819   2.301441817409e+02    2.349632820848e+02
 820   2.349632820848e+02    2.398832919019e+02
 821   2.398832919019e+02    2.449063241845e+02
 822   2.449063241845e+02    2.500345361696e+02
 823   2.500345361696e+02    2.552701302661e+02
 824   2.552701302661e+02    2.606153549999e+02
 825   2.606153549999e+02    2.660725059799e+02
 826   2.660725059799e+02    2.716439268839e+02
 827   2.716439268839e+02    2.773320104652e+02
 828   2.773320104652e+02    2.831391995799e+02
 829   2.831391995799e+02    2.890679882365e+02
 830   2.890679882365e+02    2.951209226666e+02
 831   2.951209226666e+02    3.013006024186e+02
 832   3.013006024186e+02    3.076096814741e+02
 833   3.076096814741e+02    3.140508693876e+02
 834   3.140508693876e+02    3.206269324505e+02
 835   3.206269324505e+02    3.273406948788e+02
 836   3.273406948788e+02    3.341950400261e+02
 837   3.341950400261e+02    3.411929116219e+02
 838   3.411929116219e+02    3.483373150360e+02
 839   3.483373150360e+02    3.556313185690e+02
 840   3.556313185690e+02    3.630780547701e+02
 841   3.630780547701e+02    3.706807217826e+02
 842   3.706807217826e+02    3.784425847171e+02
 843   3.784425847171e+02    3.863669770541e+02
 844   3.863669770541e+02    3.944573020753e+02
 845   3.944573020753e+02    4.027170343255e+02
 846   4.027170343255e+02    4.111497211045e+02
 847   4.111497211045e+02    4.197589839910e+02
 848   4.197589839910e+02    4.285485203974e+02
 849   4.285485203974e+02    4.375221051583e+02
 850   4.375221051583e+02    4.466835921510e+02
 851   4.466835921510e+02    4.560369159513e+02
 852   4.560369159513e+02    4.655860935230e+02
 853   4.655860935230e+02    4.753352259428e+02
 854   4.753352259428e+02    4.852885001621e+02
 855   4.852885001621e+02    4.954501908048e+02
 856   4.954501908048e+02    5.058246620031e+02
 857   5.058246620031e+02    5.164163692721e+02
 858   5.164163692721e+02    5.272298614228e+02
 859   5.272298614228e+02    5.382697825163e+02
 860   5.382697825163e+02    5.495408738576e+02
 861   5.495408738576e+02    5.610479760325e+02
 862   5.610479760325e+02    5.727960309858e+02
 863   5.727960309858e+02    5.847900841445e+02
 864   5.847900841445e+02    5.970352865838e+02
 865   5.970352865838e+02    6.095368972402e+02
 866   6.095368972402e+02    6.223002851692e+02
 867   6.223002851692e+02    6.353309318517e+02
 868   6.353309318517e+02    6.486344335482e+02
 869   6.486344335482e+02    6.622165037018e+02
 870   6.622165037018e+02    6.760829753920e+02
 871   6.760829753920e+02    6.902398038402e+02
 872   6.902398038402e+02    7.046930689671e+02
 873   7.046930689671e+02    7.194489780037e+02
 874   7.194489780037e+02    7.345138681571e+02
 875   7.345138681571e+02    7.498942093325e+02
 876   7.498942093325e+02    7.655966069113e+02
 877   7.655966069113e+02    7.816278045883e+02
 878   7.816278045883e+02    7.979946872680e+02
 879   7.979946872680e+02    8.147042840208e+02
 880   8.147042840208e+02    8.317637711027e+02
 881   8.317637711027e+02    8.491804750363e+02
 882   8.491804750363e+02    8.669618757582e+02
 883   8.669618757582e+02    8.851156098308e+02
 884   8.851156098308e+02    9.036494737223e+02
 885   9.036494737223e+02    9.225714271548e+02
 886   9.225714271548e+02    9.418895965228e+02
 887   9.418895965228e+02    9.616122783837e+02
 888   9.616122783837e+02    9.817479430200e+02
 889   9.817479430200e+02    1.002305238078e+03
 890   1.002305238078e+03    1.023292992281e+03
 891   1.023292992281e+03    1.044720219221e+03
 892   1.044720219221e+03    1.066596121230e+03
 893   1.066596121230e+03    1.088930093333e+03
 894   1.088930093333e+03    1.111731727282e+03
 895   1.111731727282e+03    1.135010815672e+03
 896   1.135010815672e+03    1.158777356155e+03
 897   1.158777356155e+03    1.183041555725e+03
 898   1.183041555725e+03    1.207813835107e+03
 899   1.207813835107e+03    1.233104833229e+03
 900   1.233104833229e+03    1.258925411794e+03
 901   1.258925411794e+03    1.285286659944e+03
 902   1.285286659944e+03    1.312199899019e+03
 903   1.312199899019e+03    1.339676687426e+03
 904   1.339676687426e+03    1.367728825596e+03
 905   1.367728825596e+03    1.396368361056e+03
 906   1.396368361056e+03    1.425607593602e+03
 907   1.425607593602e+03    1.455459080582e+03
 908   1.455459080582e+03    1.485935642287e+03
 909   1.485935642287e+03    1.517050367459e+03
 910   1.517050367459e+03    1.548816618912e+03
 911   1.548816618912e+03    1.581248039270e+03
 912   1.581248039270e+03    1.614358556826e+03
 913   1.614358556826e+03    1.648162391526e+03
 914   1.648162391526e+03    1.682674061070e+03
 915   1.682674061070e+03    1.717908387158e+03
 916   1.717908387158e+03    1.753880501842e+03
 917   1.753880501842e+03    1.790605854035e+03
 918   1.790605854035e+03    1.828100216143e+03
 919   1.828100216143e+03    1.866379690835e+03
 920   1.866379690835e+03    1.905460717963e+03
 921   1.905460717963e+03    1.945360081623e+03
 922   1.945360081623e+03    1.986094917357e+03
 923   1.986094917357e+03    2.027682719521e+03
 924   2.027682719521e+03    2.070141348791e+03
 925   2.070141348791e+03    2.113489039837e+03
 926   2.113489039837e+03    2.157744409153e+03
 927   2.157744409153e+03    2.202926463053e+03
 928   2.202926463053e+03    2.249054605836e+03
 929   2.249054605836e+03    2.296148648112e+03
 930   2.296148648112e+03    2.344228815320e+03
 931   2.344228815320e+03    2.393315756405e+03
 932   2.393315756405e+03    2.443430552694e+03
 933   2.443430552694e+03    2.494594726943e+03
 934   2.494594726943e+03    2.546830252585e+03
 935   2.546830252585e+03    2.600159563165e+03
 936   2.600159563165e+03    2.654605561976e+03
 937   2.654605561976e+03    2.710191631891e+03
 938   2.710191631891e+03    2.766941645411e+03
 939   2.766941645411e+03    2.824879974916e+03
 940   2.824879974916e+03    2.884031503127e+03
 941   2.884031503127e+03    2.944421633799e+03
 942   2.944421633799e+03    3.006076302628e+03
 943   3.006076302628e+03    3.069021988391e+03
 944   3.069021988391e+03    3.133285724316e+03
 945   3.133285724316e+03    3.198895109691e+03
 946   3.198895109691e+03    3.265878321723e+03
 947   3.265878321723e+03    3.334264127632e+03
 948   3.334264127632e+03    3.404081897010e+03
 949   3.404081897010e+03    3.475361614432e+03
 950   3.475361614432e+03    3.548133892336e+03
 951   3.548133892336e+03    3.622429984167e+03
 952   3.622429984167e+03    3.698281797803e+03
 953   3.698281797803e+03    3.775721909254e+03
 954   3.775721909254e+03    3.854783576658e+03
 955   3.854783576658e+03    3.935500754558e+03
 956   3.935500754558e+03    4.017908108489e+03
 957   4.017908108489e+03    4.102041029866e+03
 958   4.102041029866e+03    4.187935651179e+03
 959   4.187935651179e+03    4.275628861516e+03
 960   4.275628861516e+03    4.365158322402e+03
 961   4.365158322402e+03    4.456562483975e+03
 962   4.456562483975e+03    4.549880601500e+03
 963   4.549880601500e+03    4.645152752227e+03
 964   4.645152752227e+03    4.742419852602e+03
 965   4.742419852602e+03    4.841723675841e+03
 966   4.841723675841e+03    4.943106869868e+03
 967   4.943106869868e+03    5.046612975635e+03
 968   5.046612975635e+03    5.152286445818e+03
 969   5.152286445818e+03    5.260172663907e+03
 970   5.260172663907e+03    5.370317963702e+03
 971   5.370317963702e+03    5.482769649209e+03
 972   5.482769649209e+03    5.597576014951e+03
 973   5.597576014951e+03    5.714786366719e+03
 974   5.714786366719e+03    5.834451042737e+03
 975   5.834451042737e+03    5.956621435290e+03
 976   5.956621435290e+03    6.081350012787e+03
 977   6.081350012787e+03    6.208690342301e+03
 978   6.208690342301e+03    6.338697112569e+03
 979   6.338697112569e+03    6.471426157486e+03
 980   6.471426157486e+03    6.606934480076e+03
 981   6.606934480076e+03    6.745280276979e+03
 982   6.745280276979e+03    6.886522963443e+03
 983   6.886522963443e+03    7.030723198838e+03
 984   7.030723198838e+03    7.177942912714e+03
 985   7.177942912714e+03    7.328245331389e+03
 986   7.328245331389e+03    7.481695005112e+03
 987   7.481695005112e+03    7.638357835777e+03
 988   7.638357835777e+03    7.798301105233e+03
 989   7.798301105233e+03    7.961593504173e+03
 990   7.961593504173e+03    8.128305161641e+03
 991   8.128305161641e+03    8.298507675144e+03
 992   8.298507675144e+03    8.472274141406e+03
 993   8.472274141406e+03    8.649679187757e+03
 994   8.649679187757e+03    8.830799004186e+03
 995   8.830799004186e+03    9.015711376060e+03
 996   9.015711376060e+03    9.204495717532e+03
 997   9.204495717532e+03    9.397233105646e+03
 998   9.397233105646e+03    9.594006315159e+03
 999   9.594006315159e+03    9.794899854087e+03
 1000   9.794899854087e+03    1.000000000000e+04
1 
 1   0.000000000000e+00    3.141592653590e+00
1 
 1   0.000000000000e+00    6.283185307180e+00
